CRITICAL - 2023-01-29 02:34:48 --> Invalid file: "default.php"
in SYSTEMPATH\Exceptions\FrameworkException.php on line 33.
 1 SYSTEMPATH\View\View.php(201): CodeIgniter\Exceptions\FrameworkException::forInvalidFile('default.php')
 2 SYSTEMPATH\View\View.php(229): CodeIgniter\View\View->render('default', [], true)
 3 SYSTEMPATH\Common.php(1177): CodeIgniter\View\View->render('depan/landing_depan', [], true)
 4 APPPATH\Controllers\Depan.php(10): view('depan/landing_depan', [...])
 5 SYSTEMPATH\CodeIgniter.php(934): App\Controllers\Depan->index()
 6 SYSTEMPATH\CodeIgniter.php(499): CodeIgniter\CodeIgniter->runController(Object(App\Controllers\Depan))
 7 SYSTEMPATH\CodeIgniter.php(368): CodeIgniter\CodeIgniter->handleRequest(null, Object(Config\Cache), false)
 8 FCPATH\index.php(67): CodeIgniter\CodeIgniter->run()
 9 SYSTEMPATH\Commands\Server\rewrite.php(47): require_once('FCPATH\\index.php')
CRITICAL - 2023-01-29 02:34:50 --> Invalid file: "default.php"
in SYSTEMPATH\Exceptions\FrameworkException.php on line 33.
 1 SYSTEMPATH\View\View.php(201): CodeIgniter\Exceptions\FrameworkException::forInvalidFile('default.php')
 2 SYSTEMPATH\View\View.php(229): CodeIgniter\View\View->render('default', [], true)
 3 SYSTEMPATH\Common.php(1177): CodeIgniter\View\View->render('depan/landing_depan', [], true)
 4 APPPATH\Controllers\Depan.php(10): view('depan/landing_depan', [...])
 5 SYSTEMPATH\CodeIgniter.php(934): App\Controllers\Depan->index()
 6 SYSTEMPATH\CodeIgniter.php(499): CodeIgniter\CodeIgniter->runController(Object(App\Controllers\Depan))
 7 SYSTEMPATH\CodeIgniter.php(368): CodeIgniter\CodeIgniter->handleRequest(null, Object(Config\Cache), false)
 8 FCPATH\index.php(67): CodeIgniter\CodeIgniter->run()
 9 SYSTEMPATH\Commands\Server\rewrite.php(47): require_once('FCPATH\\index.php')
CRITICAL - 2023-01-29 02:35:07 --> Invalid file: "default.php"
in SYSTEMPATH\Exceptions\FrameworkException.php on line 33.
 1 SYSTEMPATH\View\View.php(201): CodeIgniter\Exceptions\FrameworkException::forInvalidFile('default.php')
 2 SYSTEMPATH\View\View.php(229): CodeIgniter\View\View->render('default', [], true)
 3 SYSTEMPATH\Common.php(1177): CodeIgniter\View\View->render('depan/landing_depan', [], true)
 4 APPPATH\Controllers\Depan.php(10): view('depan/landing_depan', [...])
 5 SYSTEMPATH\CodeIgniter.php(934): App\Controllers\Depan->index()
 6 SYSTEMPATH\CodeIgniter.php(499): CodeIgniter\CodeIgniter->runController(Object(App\Controllers\Depan))
 7 SYSTEMPATH\CodeIgniter.php(368): CodeIgniter\CodeIgniter->handleRequest(null, Object(Config\Cache), false)
 8 FCPATH\index.php(67): CodeIgniter\CodeIgniter->run()
 9 SYSTEMPATH\Commands\Server\rewrite.php(47): require_once('FCPATH\\index.php')
CRITICAL - 2023-01-29 02:35:28 --> Invalid file: "layouts.php"
in SYSTEMPATH\Exceptions\FrameworkException.php on line 33.
 1 SYSTEMPATH\View\View.php(201): CodeIgniter\Exceptions\FrameworkException::forInvalidFile('layouts.php')
 2 SYSTEMPATH\View\View.php(229): CodeIgniter\View\View->render('layouts.php', [], true)
 3 SYSTEMPATH\Common.php(1177): CodeIgniter\View\View->render('depan/landing_depan', [], true)
 4 APPPATH\Controllers\Depan.php(10): view('depan/landing_depan', [...])
 5 SYSTEMPATH\CodeIgniter.php(934): App\Controllers\Depan->index()
 6 SYSTEMPATH\CodeIgniter.php(499): CodeIgniter\CodeIgniter->runController(Object(App\Controllers\Depan))
 7 SYSTEMPATH\CodeIgniter.php(368): CodeIgniter\CodeIgniter->handleRequest(null, Object(Config\Cache), false)
 8 FCPATH\index.php(67): CodeIgniter\CodeIgniter->run()
 9 SYSTEMPATH\Commands\Server\rewrite.php(47): require_once('FCPATH\\index.php')
CRITICAL - 2023-01-29 02:47:08 --> Invalid file: "default.php"
in SYSTEMPATH\Exceptions\FrameworkException.php on line 33.
 1 SYSTEMPATH\View\View.php(201): CodeIgniter\Exceptions\FrameworkException::forInvalidFile('default.php')
 2 SYSTEMPATH\View\View.php(229): CodeIgniter\View\View->render('default', [], true)
 3 SYSTEMPATH\Common.php(1177): CodeIgniter\View\View->render('depan/blog_depan', [], true)
 4 APPPATH\Controllers\Depan.php(16): view('depan/blog_depan', [...])
 5 SYSTEMPATH\CodeIgniter.php(934): App\Controllers\Depan->blog()
 6 SYSTEMPATH\CodeIgniter.php(499): CodeIgniter\CodeIgniter->runController(Object(App\Controllers\Depan))
 7 SYSTEMPATH\CodeIgniter.php(368): CodeIgniter\CodeIgniter->handleRequest(null, Object(Config\Cache), false)
 8 FCPATH\index.php(67): CodeIgniter\CodeIgniter->run()
 9 SYSTEMPATH\Commands\Server\rewrite.php(47): require_once('FCPATH\\index.php')
CRITICAL - 2023-01-29 06:39:25 --> The namespace delimiter is a backslash (\), not a slash (/). Route handler: "\App\Controllers\admin/Admin::dashboard"
in SYSTEMPATH\Router\Router.php on line 473.
 1 SYSTEMPATH\Router\Router.php(473): CodeIgniter\Router\Exceptions\RouterException::forInvalidControllerName('\\App\\Controllers\\admin/Admin::dashboard')
 2 SYSTEMPATH\Router\Router.php(181): CodeIgniter\Router\Router->checkRoutes('admin/dashboard')
 3 SYSTEMPATH\CodeIgniter.php(815): CodeIgniter\Router\Router->handle('admin/dashboard')
 4 SYSTEMPATH\CodeIgniter.php(449): CodeIgniter\CodeIgniter->tryToRouteIt(Object(CodeIgniter\Router\RouteCollection))
 5 SYSTEMPATH\CodeIgniter.php(368): CodeIgniter\CodeIgniter->handleRequest(null, Object(Config\Cache), false)
 6 FCPATH\index.php(67): CodeIgniter\CodeIgniter->run()
 7 SYSTEMPATH\Commands\Server\rewrite.php(47): require_once('FCPATH\\index.php')
ERROR - 2023-01-29 09:30:54 --> Error connecting to the database: mysqli_sql_exception: Access denied for user ''@'localhost' (using password: NO) in D:\Gariskode-Project\gariskode_web\vendor\codeigniter4\framework\system\Database\MySQLi\Connection.php:174
Stack trace:
#0 D:\Gariskode-Project\gariskode_web\vendor\codeigniter4\framework\system\Database\MySQLi\Connection.php(174): mysqli->real_connect('localhost', '', '', '', 3306, '', 0)
#1 D:\Gariskode-Project\gariskode_web\vendor\codeigniter4\framework\system\Database\BaseConnection.php(391): CodeIgniter\Database\MySQLi\Connection->connect(false)
#2 D:\Gariskode-Project\gariskode_web\vendor\codeigniter4\framework\system\Database\BaseConnection.php(573): CodeIgniter\Database\BaseConnection->initialize()
#3 D:\Gariskode-Project\gariskode_web\vendor\codeigniter4\framework\system\Database\BaseBuilder.php(1602): CodeIgniter\Database\BaseConnection->query('SELECT *\nFROM `...', Array, false)
#4 D:\Gariskode-Project\gariskode_web\vendor\codeigniter4\framework\system\Model.php(240): CodeIgniter\Database\BaseBuilder->get()
#5 D:\Gariskode-Project\gariskode_web\vendor\codeigniter4\framework\system\BaseModel.php(618): CodeIgniter\Model->doFindAll(0, 0)
#6 D:\Gariskode-Project\gariskode_web\app\Controllers\Admin\KategoriBlog.php(19): CodeIgniter\BaseModel->findAll()
#7 D:\Gariskode-Project\gariskode_web\vendor\codeigniter4\framework\system\CodeIgniter.php(934): App\Controllers\Admin\KategoriBlog->index()
#8 D:\Gariskode-Project\gariskode_web\vendor\codeigniter4\framework\system\CodeIgniter.php(499): CodeIgniter\CodeIgniter->runController(Object(App\Controllers\Admin\KategoriBlog))
#9 D:\Gariskode-Project\gariskode_web\vendor\codeigniter4\framework\system\CodeIgniter.php(368): CodeIgniter\CodeIgniter->handleRequest(NULL, Object(Config\Cache), false)
#10 D:\Gariskode-Project\gariskode_web\public\index.php(67): CodeIgniter\CodeIgniter->run()
#11 D:\Gariskode-Project\gariskode_web\vendor\codeigniter4\framework\system\Commands\Server\rewrite.php(47): require_once('D:\\Gariskode-Pr...')
#12 {main}

Next CodeIgniter\Database\Exceptions\DatabaseException: Access denied for user ''@'localhost' (using password: NO) in D:\Gariskode-Project\gariskode_web\vendor\codeigniter4\framework\system\Database\MySQLi\Connection.php:218
Stack trace:
#0 D:\Gariskode-Project\gariskode_web\vendor\codeigniter4\framework\system\Database\BaseConnection.php(391): CodeIgniter\Database\MySQLi\Connection->connect(false)
#1 D:\Gariskode-Project\gariskode_web\vendor\codeigniter4\framework\system\Database\BaseConnection.php(573): CodeIgniter\Database\BaseConnection->initialize()
#2 D:\Gariskode-Project\gariskode_web\vendor\codeigniter4\framework\system\Database\BaseBuilder.php(1602): CodeIgniter\Database\BaseConnection->query('SELECT *\nFROM `...', Array, false)
#3 D:\Gariskode-Project\gariskode_web\vendor\codeigniter4\framework\system\Model.php(240): CodeIgniter\Database\BaseBuilder->get()
#4 D:\Gariskode-Project\gariskode_web\vendor\codeigniter4\framework\system\BaseModel.php(618): CodeIgniter\Model->doFindAll(0, 0)
#5 D:\Gariskode-Project\gariskode_web\app\Controllers\Admin\KategoriBlog.php(19): CodeIgniter\BaseModel->findAll()
#6 D:\Gariskode-Project\gariskode_web\vendor\codeigniter4\framework\system\CodeIgniter.php(934): App\Controllers\Admin\KategoriBlog->index()
#7 D:\Gariskode-Project\gariskode_web\vendor\codeigniter4\framework\system\CodeIgniter.php(499): CodeIgniter\CodeIgniter->runController(Object(App\Controllers\Admin\KategoriBlog))
#8 D:\Gariskode-Project\gariskode_web\vendor\codeigniter4\framework\system\CodeIgniter.php(368): CodeIgniter\CodeIgniter->handleRequest(NULL, Object(Config\Cache), false)
#9 D:\Gariskode-Project\gariskode_web\public\index.php(67): CodeIgniter\CodeIgniter->run()
#10 D:\Gariskode-Project\gariskode_web\vendor\codeigniter4\framework\system\Commands\Server\rewrite.php(47): require_once('D:\\Gariskode-Pr...')
#11 {main}
CRITICAL - 2023-01-29 09:30:54 --> Unable to connect to the database.
Main connection [MySQLi]: Access denied for user ''@'localhost' (using password: NO)
in SYSTEMPATH\Database\BaseConnection.php on line 427.
 1 SYSTEMPATH\Database\BaseConnection.php(573): CodeIgniter\Database\BaseConnection->initialize()
 2 SYSTEMPATH\Database\BaseBuilder.php(1602): CodeIgniter\Database\BaseConnection->query('SELECT *
FROM `kategori_blog`', [], false)
 3 SYSTEMPATH\Model.php(240): CodeIgniter\Database\BaseBuilder->get()
 4 SYSTEMPATH\BaseModel.php(618): CodeIgniter\Model->doFindAll(0, 0)
 5 APPPATH\Controllers\Admin\KategoriBlog.php(19): CodeIgniter\BaseModel->findAll()
 6 SYSTEMPATH\CodeIgniter.php(934): App\Controllers\Admin\KategoriBlog->index()
 7 SYSTEMPATH\CodeIgniter.php(499): CodeIgniter\CodeIgniter->runController(Object(App\Controllers\Admin\KategoriBlog))
 8 SYSTEMPATH\CodeIgniter.php(368): CodeIgniter\CodeIgniter->handleRequest(null, Object(Config\Cache), false)
 9 FCPATH\index.php(67): CodeIgniter\CodeIgniter->run()
10 SYSTEMPATH\Commands\Server\rewrite.php(47): require_once('FCPATH\\index.php')
INFO - 2023-01-29 09:31:50 --> Session: Class initialized using 'CodeIgniter\Session\Handlers\FileHandler' driver.
INFO - 2023-01-29 09:32:25 --> Session: Class initialized using 'CodeIgniter\Session\Handlers\FileHandler' driver.
INFO - 2023-01-29 09:47:25 --> Session: Class initialized using 'CodeIgniter\Session\Handlers\FileHandler' driver.
INFO - 2023-01-29 09:47:42 --> Session: Class initialized using 'CodeIgniter\Session\Handlers\FileHandler' driver.
INFO - 2023-01-29 09:49:14 --> Session: Class initialized using 'CodeIgniter\Session\Handlers\FileHandler' driver.
INFO - 2023-01-29 09:49:21 --> Session: Class initialized using 'CodeIgniter\Session\Handlers\FileHandler' driver.
INFO - 2023-01-29 09:49:24 --> Session: Class initialized using 'CodeIgniter\Session\Handlers\FileHandler' driver.
INFO - 2023-01-29 09:53:04 --> Session: Class initialized using 'CodeIgniter\Session\Handlers\FileHandler' driver.
INFO - 2023-01-29 09:53:16 --> Session: Class initialized using 'CodeIgniter\Session\Handlers\FileHandler' driver.
INFO - 2023-01-29 10:04:10 --> Session: Class initialized using 'CodeIgniter\Session\Handlers\FileHandler' driver.
INFO - 2023-01-29 10:30:26 --> CSRF token verified.
INFO - 2023-01-29 10:30:26 --> Session: Class initialized using 'CodeIgniter\Session\Handlers\FileHandler' driver.
CRITICAL - 2023-01-29 10:34:41 --> The action you requested is not allowed.
in SYSTEMPATH\Security\Security.php on line 306.
 1 SYSTEMPATH\Security\Security.php(306): CodeIgniter\Security\Exceptions\SecurityException::forDisallowedAction()
 2 SYSTEMPATH\Filters\CSRF.php(55): CodeIgniter\Security\Security->verify(Object(CodeIgniter\HTTP\IncomingRequest))
 3 SYSTEMPATH\Filters\Filters.php(173): CodeIgniter\Filters\CSRF->before(Object(CodeIgniter\HTTP\IncomingRequest), null)
 4 SYSTEMPATH\CodeIgniter.php(473): CodeIgniter\Filters\Filters->run('admin/kategoriBlog/edit/2', 'before')
 5 SYSTEMPATH\CodeIgniter.php(368): CodeIgniter\CodeIgniter->handleRequest(null, Object(Config\Cache), false)
 6 FCPATH\index.php(67): CodeIgniter\CodeIgniter->run()
 7 SYSTEMPATH\Commands\Server\rewrite.php(47): require_once('FCPATH\\index.php')
INFO - 2023-01-29 10:37:06 --> CSRF token verified.
INFO - 2023-01-29 10:38:40 --> CSRF token verified.
INFO - 2023-01-29 10:38:40 --> Session: Class initialized using 'CodeIgniter\Session\Handlers\FileHandler' driver.
INFO - 2023-01-29 10:39:19 --> CSRF token verified.
INFO - 2023-01-29 10:39:19 --> Session: Class initialized using 'CodeIgniter\Session\Handlers\FileHandler' driver.
INFO - 2023-01-29 10:40:10 --> CSRF token verified.
INFO - 2023-01-29 10:40:10 --> Session: Class initialized using 'CodeIgniter\Session\Handlers\FileHandler' driver.
CRITICAL - 2023-01-29 10:40:37 --> The action you requested is not allowed.
in SYSTEMPATH\Security\Security.php on line 306.
 1 SYSTEMPATH\Security\Security.php(306): CodeIgniter\Security\Exceptions\SecurityException::forDisallowedAction()
 2 SYSTEMPATH\Filters\CSRF.php(55): CodeIgniter\Security\Security->verify(Object(CodeIgniter\HTTP\IncomingRequest))
 3 SYSTEMPATH\Filters\Filters.php(173): CodeIgniter\Filters\CSRF->before(Object(CodeIgniter\HTTP\IncomingRequest), null)
 4 SYSTEMPATH\CodeIgniter.php(473): CodeIgniter\Filters\Filters->run('admin/kategoriBlog/saveEdit/2', 'before')
 5 SYSTEMPATH\CodeIgniter.php(368): CodeIgniter\CodeIgniter->handleRequest(null, Object(Config\Cache), false)
 6 FCPATH\index.php(67): CodeIgniter\CodeIgniter->run()
 7 SYSTEMPATH\Commands\Server\rewrite.php(47): require_once('FCPATH\\index.php')
INFO - 2023-01-29 10:51:02 --> CSRF token verified.
INFO - 2023-01-29 10:51:02 --> Session: Class initialized using 'CodeIgniter\Session\Handlers\FileHandler' driver.
INFO - 2023-01-29 14:34:41 --> Session: Class initialized using 'CodeIgniter\Session\Handlers\FileHandler' driver.
INFO - 2023-01-29 14:34:44 --> Session: Class initialized using 'CodeIgniter\Session\Handlers\FileHandler' driver.
INFO - 2023-01-29 14:35:06 --> CSRF token verified.
INFO - 2023-01-29 14:35:06 --> Session: Class initialized using 'CodeIgniter\Session\Handlers\FileHandler' driver.
INFO - 2023-01-29 14:35:06 --> Session: Class initialized using 'CodeIgniter\Session\Handlers\FileHandler' driver.
INFO - 2023-01-29 14:35:48 --> CSRF token verified.
INFO - 2023-01-29 14:35:48 --> Session: Class initialized using 'CodeIgniter\Session\Handlers\FileHandler' driver.
INFO - 2023-01-29 14:35:49 --> Session: Class initialized using 'CodeIgniter\Session\Handlers\FileHandler' driver.
INFO - 2023-01-29 15:34:13 --> Session: Class initialized using 'CodeIgniter\Session\Handlers\FileHandler' driver.
INFO - 2023-01-29 15:34:14 --> Session: Class initialized using 'CodeIgniter\Session\Handlers\FileHandler' driver.
INFO - 2023-01-29 15:35:08 --> Session: Class initialized using 'CodeIgniter\Session\Handlers\FileHandler' driver.
INFO - 2023-01-29 15:35:12 --> Session: Class initialized using 'CodeIgniter\Session\Handlers\FileHandler' driver.
INFO - 2023-01-29 15:35:36 --> Session: Class initialized using 'CodeIgniter\Session\Handlers\FileHandler' driver.
INFO - 2023-01-29 15:35:36 --> Session: Class initialized using 'CodeIgniter\Session\Handlers\FileHandler' driver.
INFO - 2023-01-29 15:36:15 --> Session: Class initialized using 'CodeIgniter\Session\Handlers\FileHandler' driver.
INFO - 2023-01-29 15:36:15 --> Session: Class initialized using 'CodeIgniter\Session\Handlers\FileHandler' driver.
INFO - 2023-01-29 15:36:26 --> Session: Class initialized using 'CodeIgniter\Session\Handlers\FileHandler' driver.
INFO - 2023-01-29 15:36:26 --> Session: Class initialized using 'CodeIgniter\Session\Handlers\FileHandler' driver.
INFO - 2023-01-29 15:47:49 --> Session: Class initialized using 'CodeIgniter\Session\Handlers\FileHandler' driver.
INFO - 2023-01-29 15:47:49 --> Session: Class initialized using 'CodeIgniter\Session\Handlers\FileHandler' driver.
INFO - 2023-01-29 15:47:53 --> Session: Class initialized using 'CodeIgniter\Session\Handlers\FileHandler' driver.
INFO - 2023-01-29 15:48:13 --> CSRF token verified.
INFO - 2023-01-29 15:48:13 --> Session: Class initialized using 'CodeIgniter\Session\Handlers\FileHandler' driver.
INFO - 2023-01-29 15:48:13 --> Session: Class initialized using 'CodeIgniter\Session\Handlers\FileHandler' driver.
INFO - 2023-01-29 15:48:29 --> CSRF token verified.
INFO - 2023-01-29 15:48:29 --> Session: Class initialized using 'CodeIgniter\Session\Handlers\FileHandler' driver.
CRITICAL - 2023-01-29 15:48:30 --> Class name must be a valid object or a string
in VENDORPATH\myth\auth\src\Config\Services.php on line 81.
 1 SYSTEMPATH\Config\BaseService.php(252): Myth\Auth\Config\Services::activator(Object(Myth\Auth\Config\Auth), false)
 2 SYSTEMPATH\Config\BaseService.php(193): CodeIgniter\Config\BaseService::__callStatic('activator', [...])
 3 VENDORPATH\myth\auth\src\Config\Services.php(74): CodeIgniter\Config\BaseService::getSharedInstance('activator', null)
 4 SYSTEMPATH\Config\BaseService.php(252): Myth\Auth\Config\Services::activator()
 5 SYSTEMPATH\Common.php(1007): CodeIgniter\Config\BaseService::__callStatic('activator', [])
 6 VENDORPATH\myth\auth\src\Controllers\AuthController.php(184): service('activator')
 7 SYSTEMPATH\CodeIgniter.php(934): Myth\Auth\Controllers\AuthController->attemptRegister()
 8 SYSTEMPATH\CodeIgniter.php(499): CodeIgniter\CodeIgniter->runController(Object(Myth\Auth\Controllers\AuthController))
 9 SYSTEMPATH\CodeIgniter.php(368): CodeIgniter\CodeIgniter->handleRequest(null, Object(Config\Cache), false)
10 FCPATH\index.php(67): CodeIgniter\CodeIgniter->run()
11 SYSTEMPATH\Commands\Server\rewrite.php(47): require_once('FCPATH\\index.php')
INFO - 2023-01-29 15:49:10 --> Session: Class initialized using 'CodeIgniter\Session\Handlers\FileHandler' driver.
INFO - 2023-01-29 15:49:39 --> CSRF token verified.
INFO - 2023-01-29 15:49:39 --> Session: Class initialized using 'CodeIgniter\Session\Handlers\FileHandler' driver.
INFO - 2023-01-29 15:49:39 --> Session: Class initialized using 'CodeIgniter\Session\Handlers\FileHandler' driver.
INFO - 2023-01-29 15:50:04 --> CSRF token verified.
INFO - 2023-01-29 15:50:04 --> Session: Class initialized using 'CodeIgniter\Session\Handlers\FileHandler' driver.
INFO - 2023-01-29 15:50:04 --> Session: Class initialized using 'CodeIgniter\Session\Handlers\FileHandler' driver.
INFO - 2023-01-29 16:02:03 --> Session: Class initialized using 'CodeIgniter\Session\Handlers\FileHandler' driver.
INFO - 2023-01-29 16:02:09 --> Session: Class initialized using 'CodeIgniter\Session\Handlers\FileHandler' driver.
INFO - 2023-01-29 16:02:36 --> Session: Class initialized using 'CodeIgniter\Session\Handlers\FileHandler' driver.
INFO - 2023-01-29 16:02:36 --> Session: Class initialized using 'CodeIgniter\Session\Handlers\FileHandler' driver.
INFO - 2023-01-29 16:02:39 --> Session: Class initialized using 'CodeIgniter\Session\Handlers\FileHandler' driver.
INFO - 2023-01-29 16:02:40 --> Session: Class initialized using 'CodeIgniter\Session\Handlers\FileHandler' driver.
INFO - 2023-01-29 16:04:33 --> Session: Class initialized using 'CodeIgniter\Session\Handlers\FileHandler' driver.
INFO - 2023-01-29 16:04:37 --> Session: Class initialized using 'CodeIgniter\Session\Handlers\FileHandler' driver.
INFO - 2023-01-29 16:04:50 --> CSRF token verified.
INFO - 2023-01-29 16:04:50 --> Session: Class initialized using 'CodeIgniter\Session\Handlers\FileHandler' driver.
INFO - 2023-01-29 16:04:50 --> Session: Class initialized using 'CodeIgniter\Session\Handlers\FileHandler' driver.
INFO - 2023-01-29 16:05:01 --> CSRF token verified.
INFO - 2023-01-29 16:05:01 --> Session: Class initialized using 'CodeIgniter\Session\Handlers\FileHandler' driver.
INFO - 2023-01-29 16:05:01 --> Session: Class initialized using 'CodeIgniter\Session\Handlers\FileHandler' driver.
INFO - 2023-01-29 16:05:04 --> Session: Class initialized using 'CodeIgniter\Session\Handlers\FileHandler' driver.
INFO - 2023-01-29 16:05:13 --> Session: Class initialized using 'CodeIgniter\Session\Handlers\FileHandler' driver.
INFO - 2023-01-29 16:05:27 --> Session: Class initialized using 'CodeIgniter\Session\Handlers\FileHandler' driver.
INFO - 2023-01-29 16:05:31 --> CSRF token verified.
INFO - 2023-01-29 16:05:31 --> Session: Class initialized using 'CodeIgniter\Session\Handlers\FileHandler' driver.
ERROR - 2023-01-29 16:05:32 --> mysqli_sql_exception: Column 'created_by' cannot be null in D:\Gariskode-Project\gariskode_web\vendor\codeigniter4\framework\system\Database\MySQLi\Connection.php:295
Stack trace:
#0 D:\Gariskode-Project\gariskode_web\vendor\codeigniter4\framework\system\Database\MySQLi\Connection.php(295): mysqli->query('INSERT INTO `ka...', 0)
#1 D:\Gariskode-Project\gariskode_web\vendor\codeigniter4\framework\system\Database\BaseConnection.php(691): CodeIgniter\Database\MySQLi\Connection->execute('INSERT INTO `ka...')
#2 D:\Gariskode-Project\gariskode_web\vendor\codeigniter4\framework\system\Database\BaseConnection.php(605): CodeIgniter\Database\BaseConnection->simpleQuery('INSERT INTO `ka...')
#3 D:\Gariskode-Project\gariskode_web\vendor\codeigniter4\framework\system\Database\BaseBuilder.php(2295): CodeIgniter\Database\BaseConnection->query('INSERT INTO `ka...', Array, false)
#4 D:\Gariskode-Project\gariskode_web\vendor\codeigniter4\framework\system\Model.php(329): CodeIgniter\Database\BaseBuilder->insert()
#5 D:\Gariskode-Project\gariskode_web\vendor\codeigniter4\framework\system\BaseModel.php(782): CodeIgniter\Model->doInsert(Array)
#6 D:\Gariskode-Project\gariskode_web\vendor\codeigniter4\framework\system\Model.php(729): CodeIgniter\BaseModel->insert(Array, false)
#7 D:\Gariskode-Project\gariskode_web\vendor\codeigniter4\framework\system\BaseModel.php(692): CodeIgniter\Model->insert(Array, false)
#8 D:\Gariskode-Project\gariskode_web\app\Controllers\Admin\KategoriBlog.php(32): CodeIgniter\BaseModel->save(Array)
#9 D:\Gariskode-Project\gariskode_web\vendor\codeigniter4\framework\system\CodeIgniter.php(934): App\Controllers\Admin\KategoriBlog->save()
#10 D:\Gariskode-Project\gariskode_web\vendor\codeigniter4\framework\system\CodeIgniter.php(499): CodeIgniter\CodeIgniter->runController(Object(App\Controllers\Admin\KategoriBlog))
#11 D:\Gariskode-Project\gariskode_web\vendor\codeigniter4\framework\system\CodeIgniter.php(368): CodeIgniter\CodeIgniter->handleRequest(NULL, Object(Config\Cache), false)
#12 D:\Gariskode-Project\gariskode_web\public\index.php(67): CodeIgniter\CodeIgniter->run()
#13 D:\Gariskode-Project\gariskode_web\vendor\codeigniter4\framework\system\Commands\Server\rewrite.php(47): require_once('D:\\Gariskode-Pr...')
#14 {main}
CRITICAL - 2023-01-29 16:05:32 --> Column 'created_by' cannot be null
in SYSTEMPATH\Database\BaseConnection.php on line 645.
 1 SYSTEMPATH\Database\BaseBuilder.php(2295): CodeIgniter\Database\BaseConnection->query('INSERT INTO `kategori_blog` (`name`, `slug`, `created_by`) VALUES (:name:, :slug:, :created_by:)', [...], false)
 2 SYSTEMPATH\Model.php(329): CodeIgniter\Database\BaseBuilder->insert()
 3 SYSTEMPATH\BaseModel.php(782): CodeIgniter\Model->doInsert([...])
 4 SYSTEMPATH\Model.php(729): CodeIgniter\BaseModel->insert([...], false)
 5 SYSTEMPATH\BaseModel.php(692): CodeIgniter\Model->insert([...], false)
 6 APPPATH\Controllers\Admin\KategoriBlog.php(32): CodeIgniter\BaseModel->save([...])
 7 SYSTEMPATH\CodeIgniter.php(934): App\Controllers\Admin\KategoriBlog->save()
 8 SYSTEMPATH\CodeIgniter.php(499): CodeIgniter\CodeIgniter->runController(Object(App\Controllers\Admin\KategoriBlog))
 9 SYSTEMPATH\CodeIgniter.php(368): CodeIgniter\CodeIgniter->handleRequest(null, Object(Config\Cache), false)
10 FCPATH\index.php(67): CodeIgniter\CodeIgniter->run()
11 SYSTEMPATH\Commands\Server\rewrite.php(47): require_once('FCPATH\\index.php')
INFO - 2023-01-29 16:05:50 --> Session: Class initialized using 'CodeIgniter\Session\Handlers\FileHandler' driver.
INFO - 2023-01-29 16:05:55 --> CSRF token verified.
INFO - 2023-01-29 16:05:55 --> Session: Class initialized using 'CodeIgniter\Session\Handlers\FileHandler' driver.
INFO - 2023-01-29 16:05:55 --> Session: Class initialized using 'CodeIgniter\Session\Handlers\FileHandler' driver.
INFO - 2023-01-29 16:06:20 --> Session: Class initialized using 'CodeIgniter\Session\Handlers\FileHandler' driver.
INFO - 2023-01-29 16:06:22 --> CSRF token verified.
INFO - 2023-01-29 16:06:22 --> Session: Class initialized using 'CodeIgniter\Session\Handlers\FileHandler' driver.
INFO - 2023-01-29 16:06:22 --> Session: Class initialized using 'CodeIgniter\Session\Handlers\FileHandler' driver.
INFO - 2023-01-29 16:15:25 --> Session: Class initialized using 'CodeIgniter\Session\Handlers\FileHandler' driver.
INFO - 2023-01-29 16:15:31 --> Session: Class initialized using 'CodeIgniter\Session\Handlers\FileHandler' driver.
INFO - 2023-01-29 16:15:31 --> Session: Class initialized using 'CodeIgniter\Session\Handlers\FileHandler' driver.
INFO - 2023-01-29 16:15:33 --> Session: Class initialized using 'CodeIgniter\Session\Handlers\FileHandler' driver.
INFO - 2023-01-29 16:15:36 --> Session: Class initialized using 'CodeIgniter\Session\Handlers\FileHandler' driver.
